2020-12-13 15:47:01.7843|INFO|FAIS.Controllers.MetaBoController|Exploitations_BO_
2020-12-13 15:47:01.8830|INFO|FAIS.Controllers.MetaBoController|10248 : Id_operation_BO_
2020-12-13 15:47:02.0904|INFO|FAIS.Controllers.MetaBoController|10249 : Op_Parcelles_BO_
2020-12-13 15:47:02.1812|INFO|FAIS.Controllers.MetaBoController|Type_Travaux_BO_
2020-12-13 15:47:02.2111|INFO|FAIS.Controllers.MetaBoController|10250 : Op_Intrants_BO_
2020-12-13 15:47:02.2510|INFO|FAIS.Controllers.MetaBoController|Travaux_BO_
2020-12-13 15:47:02.2829|INFO|FAIS.Controllers.MetaBoController|10250 : Op_Intrants_BO_
2020-12-13 15:47:02.3398|INFO|FAIS.Controllers.MetaBoController|Parcelles_BO_
2020-12-13 15:47:02.3531|INFO|FAIS.Controllers.MetaBoController|10253 : Op_Operateurs_permanents_BO_
2020-12-13 15:47:02.3956|INFO|FAIS.Controllers.MetaBoController|Id_operation_BO_
2020-12-13 15:47:02.4087|INFO|FAIS.Controllers.MetaBoController|10254 : Op_operateurs_occasionnels_BO_
2020-12-13 15:47:02.4585|INFO|FAIS.Controllers.MetaBoController|10255 : Op_Materiels_BO_
2020-12-13 15:47:02.6210|INFO|FAIS.Controllers.MetaBoController|Travaux_BO_
2020-12-13 15:47:02.6420|INFO|FAIS.Controllers.MetaBoController|20266 : Op_Structure_Materiel_BO_
2020-12-13 15:47:02.6908|INFO|FAIS.Controllers.MetaBoController|liste_vue_SsCat_Travail
2020-12-13 15:47:02.6908|INFO|FAIS.Controllers.MetaBoController|20267 : Op_Structure_Batiment_BO_
2020-12-13 15:47:02.7517|INFO|FAIS.Controllers.MetaBoController|10263 : Op_Prestation_de_services_BO_
2020-12-13 15:47:02.7906|INFO|FAIS.Controllers.MetaBoController|liste_articles_parcelle
2020-12-13 15:47:02.8135|INFO|FAIS.Controllers.MetaBoController|10256 : Op_meteo_BO_
2020-12-13 15:47:06.2743|INFO|FAIS.Controllers.MetaBoController|Travaux_et_articles_BO_
2020-12-13 15:47:06.3501|INFO|FAIS.Controllers.MetaBoController|Cat_operateurs_BO_
2020-12-13 15:47:06.4364|INFO|FAIS.Controllers.MetaBoController|Personnel_BO_
2020-12-13 15:47:06.4998|INFO|FAIS.Controllers.MetaBoController|Cat_ouvriers_occ_BO_
2020-12-13 15:47:06.5426|INFO|FAIS.Controllers.MetaBoController|Materiels_BO_
2020-12-13 15:47:06.6014|INFO|FAIS.Controllers.MetaBoController|MeteoIcons_BO_
2020-12-13 15:47:06.6752|INFO|FAIS.Controllers.MetaBoController|Cultures_BO_
2020-12-13 15:47:06.7490|INFO|FAIS.Controllers.MetaBoController|Type_materiel_BO_
2020-12-13 15:47:06.8132|INFO|FAIS.Controllers.MetaBoController|Ferme_BO_
2020-12-13 15:47:06.8787|INFO|FAIS.Controllers.MetaBoController|Fournisseurs_BO_
2020-12-13 15:47:06.9595|INFO|FAIS.Controllers.MetaBoController|Categories_BO_
2020-12-13 15:47:07.0383|INFO|FAIS.Controllers.MetaBoController|Variete_BO_
2020-12-13 15:47:07.1170|INFO|FAIS.Controllers.MetaBoController|Batiments_BO_
2020-12-13 15:47:07.1898|INFO|FAIS.Controllers.MetaBoController|Categorie_Batiment_BO_
2020-12-13 15:47:07.2786|INFO|FAIS.Controllers.MetaBoController|Id_operation_BO_
2020-12-13 15:47:07.4628|INFO|FAIS.Controllers.MetaBoController|Entrepts_BO_
2020-12-13 15:49:17.7876|INFO|FAIS.Controllers.MetaBoController|POST Crud: 10248
2020-12-13 15:49:17.9374|INFO|FAIS.Controllers.MetaBoController|POST Crud: 10250
2020-12-13 15:49:18.0388|INFO|FAIS.Controllers.MetaBoController|POST Crud: 10253
2020-12-13 15:49:18.1386|INFO|FAIS.Controllers.MetaBoController|POST Crud: 10248
2020-12-13 15:49:18.2244|INFO|FAIS.Controllers.MetaBoController|POST Crud: 10248
2020-12-13 15:56:47.1306|INFO|FAIS.Controllers.MetaBoController|POST Crud: 10248
2020-12-13 16:01:49.7417|INFO|FAIS.Controllers.MetaBoController|10248 : Id_operation_BO_
2020-12-13 16:01:49.8834|INFO|FAIS.Controllers.MetaBoController|Exploitations_BO_
2020-12-13 16:01:49.9900|INFO|FAIS.Controllers.MetaBoController|10249 : Op_Parcelles_BO_
2020-12-13 16:01:50.0269|INFO|FAIS.Controllers.MetaBoController|Type_Travaux_BO_
2020-12-13 16:01:50.0957|INFO|FAIS.Controllers.MetaBoController|10250 : Op_Intrants_BO_
2020-12-13 16:01:50.1357|INFO|FAIS.Controllers.MetaBoController|Travaux_BO_
2020-12-13 16:01:50.2852|INFO|FAIS.Controllers.MetaBoController|10250 : Op_Intrants_BO_
2020-12-13 16:01:50.3520|INFO|FAIS.Controllers.MetaBoController|Parcelles_BO_
2020-12-13 16:01:50.4041|INFO|FAIS.Controllers.MetaBoController|10253 : Op_Operateurs_permanents_BO_
2020-12-13 16:01:50.4338|INFO|FAIS.Controllers.MetaBoController|Id_operation_BO_
2020-12-13 16:01:50.4883|INFO|FAIS.Controllers.MetaBoController|10254 : Op_operateurs_occasionnels_BO_
2020-12-13 16:01:50.5784|INFO|FAIS.Controllers.MetaBoController|10255 : Op_Materiels_BO_
2020-12-13 16:01:50.8148|INFO|FAIS.Controllers.MetaBoController|Travaux_BO_
2020-12-13 16:01:50.9604|INFO|FAIS.Controllers.MetaBoController|20266 : Op_Structure_Materiel_BO_
2020-12-13 16:01:50.9964|INFO|FAIS.Controllers.MetaBoController|liste_vue_SsCat_Travail
2020-12-13 16:01:51.0558|INFO|FAIS.Controllers.MetaBoController|20267 : Op_Structure_Batiment_BO_
2020-12-13 16:01:51.1200|INFO|FAIS.Controllers.MetaBoController|liste_articles_parcelle
2020-12-13 16:01:51.1449|INFO|FAIS.Controllers.MetaBoController|10263 : Op_Prestation_de_services_BO_
2020-12-13 16:01:51.2067|INFO|FAIS.Controllers.MetaBoController|10256 : Op_meteo_BO_
2020-12-13 16:01:55.0935|INFO|FAIS.Controllers.MetaBoController|Travaux_et_articles_BO_
2020-12-13 16:01:55.3338|INFO|FAIS.Controllers.MetaBoController|Cat_operateurs_BO_
2020-12-13 16:01:55.4355|INFO|FAIS.Controllers.MetaBoController|Personnel_BO_
2020-12-13 16:01:55.4913|INFO|FAIS.Controllers.MetaBoController|Cat_ouvriers_occ_BO_
2020-12-13 16:01:55.5392|INFO|FAIS.Controllers.MetaBoController|Materiels_BO_
2020-12-13 16:01:55.6000|INFO|FAIS.Controllers.MetaBoController|MeteoIcons_BO_
2020-12-13 16:01:55.6439|INFO|FAIS.Controllers.MetaBoController|Cultures_BO_
2020-12-13 16:01:55.7197|INFO|FAIS.Controllers.MetaBoController|Type_materiel_BO_
2020-12-13 16:01:55.7925|INFO|FAIS.Controllers.MetaBoController|Ferme_BO_
2020-12-13 16:01:55.8593|INFO|FAIS.Controllers.MetaBoController|Fournisseurs_BO_
2020-12-13 16:01:55.9162|INFO|FAIS.Controllers.MetaBoController|Categories_BO_
2020-12-13 16:01:55.9840|INFO|FAIS.Controllers.MetaBoController|Variete_BO_
2020-12-13 16:01:56.0598|INFO|FAIS.Controllers.MetaBoController|Batiments_BO_
2020-12-13 16:01:56.1236|INFO|FAIS.Controllers.MetaBoController|Categorie_Batiment_BO_
2020-12-13 16:01:56.2014|INFO|FAIS.Controllers.MetaBoController|Id_operation_BO_
2020-12-13 16:01:56.5486|INFO|FAIS.Controllers.MetaBoController|Entrepts_BO_
2020-12-13 16:09:35.0677|INFO|FAIS.Controllers.MetaBoController|10248 : Id_operation_BO_
2020-12-13 16:09:35.2712|INFO|FAIS.Controllers.MetaBoController|10249 : Op_Parcelles_BO_
2020-12-13 16:09:35.4028|INFO|FAIS.Controllers.MetaBoController|10250 : Op_Intrants_BO_
2020-12-13 16:09:35.4996|INFO|FAIS.Controllers.MetaBoController|10250 : Op_Intrants_BO_
2020-12-13 16:09:35.5853|INFO|FAIS.Controllers.MetaBoController|10253 : Op_Operateurs_permanents_BO_
2020-12-13 16:09:35.6721|INFO|FAIS.Controllers.MetaBoController|10254 : Op_operateurs_occasionnels_BO_
2020-12-13 16:09:35.7469|INFO|FAIS.Controllers.MetaBoController|10255 : Op_Materiels_BO_
2020-12-13 16:09:35.8177|INFO|FAIS.Controllers.MetaBoController|20266 : Op_Structure_Materiel_BO_
2020-12-13 16:09:35.8885|INFO|FAIS.Controllers.MetaBoController|20267 : Op_Structure_Batiment_BO_
2020-12-13 16:09:35.9613|INFO|FAIS.Controllers.MetaBoController|10263 : Op_Prestation_de_services_BO_
2020-12-13 16:09:36.0411|INFO|FAIS.Controllers.MetaBoController|10256 : Op_meteo_BO_
2020-12-13 16:36:30.8596|INFO|FAIS.Controllers.MetaBoController|10248 : Id_operation_BO_
2020-12-13 16:36:31.0451|INFO|FAIS.Controllers.MetaBoController|Exploitations_BO_
2020-12-13 16:36:31.0920|INFO|FAIS.Controllers.MetaBoController|10249 : Op_Parcelles_BO_
2020-12-13 16:36:31.1528|INFO|FAIS.Controllers.MetaBoController|Type_Travaux_BO_
2020-12-13 16:36:31.2037|INFO|FAIS.Controllers.MetaBoController|10250 : Op_Intrants_BO_
2020-12-13 16:36:31.2615|INFO|FAIS.Controllers.MetaBoController|Travaux_BO_
2020-12-13 16:36:31.3214|INFO|FAIS.Controllers.MetaBoController|10250 : Op_Intrants_BO_
2020-12-13 16:36:31.4271|INFO|FAIS.Controllers.MetaBoController|Parcelles_BO_
2020-12-13 16:36:31.4859|INFO|FAIS.Controllers.MetaBoController|10253 : Op_Operateurs_permanents_BO_
2020-12-13 16:36:31.5268|INFO|FAIS.Controllers.MetaBoController|Id_operation_BO_
2020-12-13 16:36:31.5737|INFO|FAIS.Controllers.MetaBoController|10254 : Op_operateurs_occasionnels_BO_
2020-12-13 16:36:31.6645|INFO|FAIS.Controllers.MetaBoController|10255 : Op_Materiels_BO_
2020-12-13 16:36:31.9028|INFO|FAIS.Controllers.MetaBoController|Travaux_BO_
2020-12-13 16:36:31.9836|INFO|FAIS.Controllers.MetaBoController|20266 : Op_Structure_Materiel_BO_
2020-12-13 16:36:32.0464|INFO|FAIS.Controllers.MetaBoController|liste_vue_SsCat_Travail
2020-12-13 16:36:32.1163|INFO|FAIS.Controllers.MetaBoController|20267 : Op_Structure_Batiment_BO_
2020-12-13 16:36:32.1751|INFO|FAIS.Controllers.MetaBoController|liste_articles_parcelle
2020-12-13 16:36:32.2130|INFO|FAIS.Controllers.MetaBoController|10263 : Op_Prestation_de_services_BO_
2020-12-13 16:36:32.3008|INFO|FAIS.Controllers.MetaBoController|10256 : Op_meteo_BO_
2020-12-13 16:36:38.5142|INFO|FAIS.Controllers.MetaBoController|Travaux_et_articles_BO_
2020-12-13 16:36:38.7445|INFO|FAIS.Controllers.MetaBoController|Cat_operateurs_BO_
2020-12-13 16:36:38.8812|INFO|FAIS.Controllers.MetaBoController|Personnel_BO_
2020-12-13 16:36:38.9859|INFO|FAIS.Controllers.MetaBoController|Cat_ouvriers_occ_BO_
2020-12-13 16:36:39.0787|INFO|FAIS.Controllers.MetaBoController|Materiels_BO_
2020-12-13 16:36:39.1993|INFO|FAIS.Controllers.MetaBoController|MeteoIcons_BO_
2020-12-13 16:36:39.3898|INFO|FAIS.Controllers.MetaBoController|Cultures_BO_
2020-12-13 16:36:39.5125|INFO|FAIS.Controllers.MetaBoController|Type_materiel_BO_
2020-12-13 16:36:39.6072|INFO|FAIS.Controllers.MetaBoController|Ferme_BO_
2020-12-13 16:36:39.6880|INFO|FAIS.Controllers.MetaBoController|Fournisseurs_BO_
2020-12-13 16:36:39.7718|INFO|FAIS.Controllers.MetaBoController|Categories_BO_
2020-12-13 16:36:39.8765|INFO|FAIS.Controllers.MetaBoController|Variete_BO_
2020-12-13 16:36:39.9902|INFO|FAIS.Controllers.MetaBoController|Batiments_BO_
2020-12-13 16:36:40.0730|INFO|FAIS.Controllers.MetaBoController|Categorie_Batiment_BO_
2020-12-13 16:36:40.1647|INFO|FAIS.Controllers.MetaBoController|Id_operation_BO_
2020-12-13 16:36:40.5058|INFO|FAIS.Controllers.MetaBoController|Entrepts_BO_
2020-12-18 13:50:56.3819|INFO|FAIS.Controllers.MetaBoController|10248 : Id_operation_BO_
2020-12-18 13:50:56.5058|INFO|FAIS.Controllers.MetaBoController|10249 : Op_Parcelles_BO_
2020-12-18 13:50:56.5257|INFO|FAIS.Controllers.MetaBoController|10250 : Op_Intrants_BO_
2020-12-18 13:50:56.5467|INFO|FAIS.Controllers.MetaBoController|10250 : Op_Intrants_BO_
2020-12-18 13:50:56.5616|INFO|FAIS.Controllers.MetaBoController|10253 : Op_Operateurs_permanents_BO_
2020-12-18 13:50:56.5766|INFO|FAIS.Controllers.MetaBoController|10254 : Op_operateurs_occasionnels_BO_
2020-12-18 13:50:56.5915|INFO|FAIS.Controllers.MetaBoController|10255 : Op_Materiels_BO_
2020-12-18 13:50:56.6065|INFO|FAIS.Controllers.MetaBoController|20266 : Op_Structure_Materiel_BO_
2020-12-18 13:50:56.6195|INFO|FAIS.Controllers.MetaBoController|20267 : Op_Structure_Batiment_BO_
2020-12-18 13:50:56.6354|INFO|FAIS.Controllers.MetaBoController|10263 : Op_Prestation_de_services_BO_
2020-12-18 13:50:56.6614|INFO|FAIS.Controllers.MetaBoController|10256 : Op_meteo_BO_
2020-12-18 14:24:10.1939|INFO|FAIS.Controllers.MetaBoController|POST Crud: 10248
2020-12-18 14:24:10.4694|INFO|FAIS.Controllers.MetaBoController|POST Crud: 10248
2020-12-18 14:51:29.3028|INFO|FAIS.Controllers.MetaBoController|POST Crud: 10248
2020-12-18 16:38:01.4338|INFO|FAIS.Controllers.MetaBoController|10248 : Id_operation_BO_
2020-12-18 16:38:01.6623|INFO|FAIS.Controllers.MetaBoController|10249 : Op_Parcelles_BO_
2020-12-18 16:38:01.6892|INFO|FAIS.Controllers.MetaBoController|10250 : Op_Intrants_BO_
2020-12-18 16:38:01.7111|INFO|FAIS.Controllers.MetaBoController|10250 : Op_Intrants_BO_
2020-12-18 16:38:01.7271|INFO|FAIS.Controllers.MetaBoController|10253 : Op_Operateurs_permanents_BO_
2020-12-18 16:38:01.7440|INFO|FAIS.Controllers.MetaBoController|10254 : Op_operateurs_occasionnels_BO_
2020-12-18 16:38:01.7610|INFO|FAIS.Controllers.MetaBoController|10255 : Op_Materiels_BO_
2020-12-18 16:38:01.7769|INFO|FAIS.Controllers.MetaBoController|20266 : Op_Structure_Materiel_BO_
2020-12-18 16:38:01.7919|INFO|FAIS.Controllers.MetaBoController|20267 : Op_Structure_Batiment_BO_
2020-12-18 16:38:01.8069|INFO|FAIS.Controllers.MetaBoController|10263 : Op_Prestation_de_services_BO_
2020-12-18 16:38:01.8069|INFO|FAIS.Controllers.MetaBoController|10256 : Op_meteo_BO_
2020-12-18 16:39:17.6364|INFO|FAIS.Controllers.MetaBoController|10248 : Id_operation_BO_
2020-12-18 16:39:17.7290|INFO|FAIS.Controllers.MetaBoController|10249 : Op_Parcelles_BO_
2020-12-18 16:39:17.7919|INFO|FAIS.Controllers.MetaBoController|10250 : Op_Intrants_BO_
2020-12-18 16:39:17.8238|INFO|FAIS.Controllers.MetaBoController|10250 : Op_Intrants_BO_
2020-12-18 16:39:17.8411|INFO|FAIS.Controllers.MetaBoController|10253 : Op_Operateurs_permanents_BO_
2020-12-18 16:39:17.8567|INFO|FAIS.Controllers.MetaBoController|10254 : Op_operateurs_occasionnels_BO_
2020-12-18 16:39:17.8717|INFO|FAIS.Controllers.MetaBoController|10255 : Op_Materiels_BO_
2020-12-18 16:39:17.8876|INFO|FAIS.Controllers.MetaBoController|20266 : Op_Structure_Materiel_BO_
2020-12-18 16:39:17.9032|INFO|FAIS.Controllers.MetaBoController|20267 : Op_Structure_Batiment_BO_
2020-12-18 16:39:17.9199|INFO|FAIS.Controllers.MetaBoController|10263 : Op_Prestation_de_services_BO_
2020-12-18 16:39:17.9335|INFO|FAIS.Controllers.MetaBoController|10256 : Op_meteo_BO_
2020-12-18 16:40:09.8737|INFO|FAIS.Controllers.MetaBoController|POST Crud: 10248
2020-12-18 17:31:40.7443|INFO|FAIS.Controllers.MetaBoController|10248 : Id_operation_BO_
2020-12-18 17:31:41.0116|INFO|FAIS.Controllers.MetaBoController|10249 : Op_Parcelles_BO_
2020-12-18 17:31:41.1109|INFO|FAIS.Controllers.MetaBoController|10250 : Op_Intrants_BO_
2020-12-18 17:31:41.4270|INFO|FAIS.Controllers.MetaBoController|10250 : Op_Intrants_BO_
2020-12-18 17:31:41.4958|INFO|FAIS.Controllers.MetaBoController|10253 : Op_Operateurs_permanents_BO_
2020-12-18 17:31:41.6007|INFO|FAIS.Controllers.MetaBoController|10254 : Op_operateurs_occasionnels_BO_
2020-12-18 17:31:41.6905|INFO|FAIS.Controllers.MetaBoController|10255 : Op_Materiels_BO_
2020-12-18 17:31:41.7525|INFO|FAIS.Controllers.MetaBoController|20266 : Op_Structure_Materiel_BO_
2020-12-18 17:31:41.8186|INFO|FAIS.Controllers.MetaBoController|20267 : Op_Structure_Batiment_BO_
2020-12-18 17:31:41.8525|INFO|FAIS.Controllers.MetaBoController|10263 : Op_Prestation_de_services_BO_
2020-12-18 17:31:41.8864|INFO|FAIS.Controllers.MetaBoController|10256 : Op_meteo_BO_
2020-12-18 18:39:22.8292|INFO|FAIS.Controllers.MetaBoController|POST Crud: 10248
2020-12-18 18:40:24.2798|INFO|FAIS.Controllers.MetaBoController|POST Crud: 10248
